build/app/outputs/mapping/release/mapping.txt
# compiler: R8
# compiler_version: 1.5.64
# min_api: 16
# pg_map_id: 0ac288a
com.example.awesomequotes.MainActivity -> com.example.awesomequotes.MainActivity:
    void configureFlutterEngine(io.flutter.embedding.engine.FlutterEngine) -> a
...
io.flutter.embedding.engine.systemchannels.PlatformChannel$Brightness -> io.flutter.embedding.engine.i.i$d:
    io.flutter.embedding.engine.systemchannels.PlatformChannel$Brightness[] $VALUES -> d
    io.flutter.embedding.engine.systemchannels.PlatformChannel$Brightness LIGHT -> b
    java.lang.String encodedName -> a
    io.flutter.embedding.engine.systemchannels.PlatformChannel$Brightness DARK -> c
    io.flutter.embedding.engine.systemchannels.PlatformChannel$Brightness fromValue(java.lang.String) -> a
io.flutter.embedding.engine.systemchannels.PlatformChannel$ClipboardContentFormat -> io.flutter.embedding.engine.i.i$e:
    io.flutter.embedding.engine.systemchannels.PlatformChannel$ClipboardContentFormat[] $VALUES -> c
    java.lang.String encodedName -> a
    io.flutter.embedding.engine.systemchannels.PlatformChannel$ClipboardContentFormat PLAIN_TEXT -> b
    io.flutter.embedding.engine.systemchannels.PlatformChannel$ClipboardContentFormat fromValue(java.lang.String) -> a
io.flutter.embedding.engine.systemchannels.PlatformChannel$DeviceOrientation -> io.flutter.embedding.engine.i.i$f:
    io.flutter.embedding.engine.systemchannels.PlatformChannel$DeviceOrientation PORTRAIT_UP -> b
    io.flutter.embedding.engine.systemchannels.PlatformChannel$DeviceOrientation[] $VALUES -> f
    java.lang.String encodedName -> a
    io.flutter.embedding.engine.systemchannels.PlatformChannel$DeviceOrientation LANDSCAPE_RIGHT -> e
    io.flutter.embedding.engine.systemchannels.PlatformChannel$DeviceOrientation LANDSCAPE_LEFT -> d
    io.flutter.embedding.engine.systemchannels.PlatformChannel$DeviceOrientation PORTRAIT_DOWN -> c
    io.flutter.embedding.engine.systemchannels.PlatformChannel$DeviceOrientation fromValue(java.lang.String) -> a
io.flutter.embedding.engine.systemchannels.PlatformChannel$HapticFeedbackType -> io.flutter.embedding.engine.i.i$g:
    io.flutter.embedding.engine.systemchannels.PlatformChannel$HapticFeedbackType[] $VALUES -> g
    io.flutter.embedding.engine.systemchannels.PlatformChannel$HapticFeedbackType HEAVY_IMPACT -> e
    io.flutter.embedding.engine.systemchannels.PlatformChannel$HapticFeedbackType SELECTION_CLICK -> f
    io.flutter.embedding.engine.systemchannels.PlatformChannel$HapticFeedbackType LIGHT_IMPACT -> c
    java.lang.String encodedName -> a
    io.flutter.embedding.engine.systemchannels.PlatformChannel$HapticFeedbackType MEDIUM_IMPACT -> d
    io.flutter.embedding.engine.systemchannels.PlatformChannel$HapticFeedbackType STANDARD -> b
    io.flutter.embedding.engine.systemchannels.PlatformChannel$HapticFeedbackType fromValue(java.lang.String) -> a
io.flutter.embedding.engine.systemchannels.PlatformChannel$PlatformMessageHandler -> io.flutter.embedding.engine.i.i$h:
    java.lang.CharSequence getClipboardData(io.flutter.embedding.engine.systemchannels.PlatformChannel$ClipboardContentFormat) -> a
    void playSystemSound(io.flutter.embedding.engine.systemchannels.PlatformChannel$SoundType) -> a
    void setApplicationSwitcherDescription(io.flutter.embedding.engine.systemchannels.PlatformChannel$AppSwitcherDescription) -> a
    void setClipboardData(java.lang.String) -> a
    void setPreferredOrientations(int) -> a
    void setSystemUiOverlayStyle(io.flutter.embedding.engine.systemchannels.PlatformChannel$SystemChromeStyle) -> a
    void showSystemOverlays(java.util.List) -> a
    void vibrateHapticFeedback(io.flutter.embedding.engine.systemchannels.PlatformChannel$HapticFeedbackType) -> a
    void popSystemNavigator() -> u
    boolean clipboardHasStrings() -> v
    void restoreSystemUiOverlays() -> w